abiword
acpi
acroread
adobe-flashplugin
alien
alsa-utils
anydesk
apache2
arj
audacious
audacity
audio-recorder
axel
bibletime
bless
brasero
cabextract
cheese
chromium-browser
cifs-utils
clamav
collectd
conky
cups-pdf
default-jdk
default-jre
default-jre-headless
deluge
djview
dnsutils
dosbox
doublecmd-gtk
fakeroot
ffmpeg
filezilla
firefox
firefox-locale-uk
flac
geany
genisoimage
gimagereader-gtk
gimp
git
gkrellm
goldendict
google-chrome-stable
gparted
gsmartcontrol
gvncviewer
hardinfo
hddtemp
hplip
htop
icedtea-plugin
iftop
imagemagick
inkscape
iotop
jpegoptim
kodi
language-pack-en
language-pack-gnome-uk
language-pack-uk
libreoffice-l10n-uk
libreoffice-writer
lm-sensors
lsof
lynx
mbmon
mc
meld
mkusb
mytop
nano
nautilus
nmap
ntfs-3g
openvpn
p7zip-full
parted
php5
pidgin
pinta
playonlinux
pulseaudio
qpdf
radiotray
rar
rdesktop
remmina
remmina-plugin-rdp
ripperx
ristretto
sane
skype
smartmontools
stress
sysbench
tcpdump
tdb-tools
teamviewer
thunar
thunderbird
transmission-gtk
unetbootin
unrar
unzip
viber
vlc
vnc4server
wget
whois
wine
winetricks
winff
wput
xfce4-goodies
xfwm4-themes
xnview
xpdf
xrdp
xsane
zenmap
zip
