# office desktop
#
arj.tpl
cabextract.tpl
p7zip-full.tpl
rar.tpl
unrar.tpl
unzip.tpl
zip.tpl
adobe-flashplugin.tpl
ffmpeg.tpl
flac.tpl
flashplugin-installer.tpl
gstreamer.tpl
sox.tpl
bibletime.tpl
goldendict.tpl
doublecmd-gtk.tpl
mc.tpl
xnview.tpl
deluge.tpl
firefox.tpl
git.tpl
google-chrome-stable.tpl
pidgin.tpl
teamviewer.tpl
thunderbird.tpl
viber.tpl
wput.tpl
collectd.tpl
conky.tpl
htop.tpl
iftop.tpl
iotop.tpl
monitorix.tpl
mytop.tpl
audacious.tpl
radiotray.tpl
vlc.tpl
dnsutils.tpl
network-manager.tpl
nmap.tpl
rdesktop.tpl
remmina.tpl
traceroute.tpl
whois.tpl
acroread.tpl
djview.tpl
geany.tpl
gimagereader.tpl
libreoffice.tpl
xpdf.tpl
clamav.tpl
gpm.tpl
nut.tpl
samba.tpl
smartmontools.tpl
ssh.tpl
tightvncserver.tpl
gparted.tpl
gsmartcontrol.tpl
gufw.tpl
java.tpl
xsane.tpl
alien.tpl
brasero.tpl
gkrellm.tpl
gtk-recordmydesktop.tpl
hardinfo.tpl
wine.tpl
xfce4-goodies.tpl
xfce4-themes.tpl
xbacklight.tpl
